2024-05-11 05:06:27.452 [info] Log level: Info
2024-05-11 05:06:27.452 [info] Validating found git in: "git"
2024-05-11 05:06:27.452 [info] Using git "2.44.0" from "git"
2024-05-11 05:08:00.386 [info] Log level: Info
2024-05-11 05:08:00.386 [info] Validating found git in: "git"
2024-05-11 05:08:00.386 [info] Using git "2.44.0" from "git"
2024-05-11 05:08:00.386 [info] > git rev-parse --show-toplevel [10ms]
2024-05-11 05:08:00.395 [info] > git rev-parse --git-dir --git-common-dir [3ms]
2024-05-11 05:08:00.418 [info] Open repository: /home/blackwhite/Downloads/nixos_rice
2024-05-11 05:08:00.435 [info] > git config --get commit.template [8ms]
2024-05-11 05:08:00.460 [info] > git rev-parse --show-toplevel [30ms]
2024-05-11 05:08:00.478 [info] > git for-each-ref --format=%(refname)%00%(upstream:short)%00%(objectname)%00%(upstream:track)%00%(upstream:remotename)%00%(upstream:remoteref) refs/heads/testing refs/remotes/testing [6ms]
2024-05-11 05:08:00.487 [info] > git rev-parse --show-toplevel [9ms]
2024-05-11 05:08:00.495 [info] > git status -z -uall [11ms]
2024-05-11 05:08:00.521 [info] > git rev-parse --show-toplevel [31ms]
2024-05-11 05:08:00.629 [info] > git rev-parse --show-toplevel [6ms]
2024-05-11 05:08:00.634 [info] > git config --get commit.template [17ms]
2024-05-11 05:08:00.725 [info] > git for-each-ref --format=%(refname)%00%(upstream:short)%00%(objectname)%00%(upstream:track)%00%(upstream:remotename)%00%(upstream:remoteref) refs/heads/testing refs/remotes/testing [36ms]
2024-05-11 05:08:00.738 [info] > git status -z -uall [8ms]
2024-05-11 05:08:00.960 [info] > git check-ignore -v -z --stdin [3ms]
2024-05-11 05:08:03.089 [info] > git config --get commit.template [3ms]
2024-05-11 05:08:03.098 [info] > git for-each-ref --format=%(refname)%00%(upstream:short)%00%(objectname)%00%(upstream:track)%00%(upstream:remotename)%00%(upstream:remoteref) refs/heads/testing refs/remotes/testing [2ms]
2024-05-11 05:08:03.105 [info] > git status -z -uall [4ms]
2024-05-11 05:08:08.121 [info] > git config --get commit.template [4ms]
2024-05-11 05:08:08.122 [info] > git for-each-ref --format=%(refname)%00%(upstream:short)%00%(objectname)%00%(upstream:track)%00%(upstream:remotename)%00%(upstream:remoteref) refs/heads/testing refs/remotes/testing [2ms]
2024-05-11 05:08:08.130 [info] > git status -z -uall [5ms]
2024-05-11 05:08:13.146 [info] > git config --get commit.template [6ms]
2024-05-11 05:08:13.148 [info] > git for-each-ref --format=%(refname)%00%(upstream:short)%00%(objectname)%00%(upstream:track)%00%(upstream:remotename)%00%(upstream:remoteref) refs/heads/testing refs/remotes/testing [3ms]
2024-05-11 05:08:13.155 [info] > git status -z -uall [4ms]
2024-05-11 05:08:18.184 [info] > git config --get commit.template [10ms]
2024-05-11 05:08:18.186 [info] > git for-each-ref --format=%(refname)%00%(upstream:short)%00%(objectname)%00%(upstream:track)%00%(upstream:remotename)%00%(upstream:remoteref) refs/heads/testing refs/remotes/testing [2ms]
2024-05-11 05:08:18.192 [info] > git status -z -uall [4ms]
2024-05-11 05:08:23.214 [info] > git config --get commit.template [2ms]
2024-05-11 05:08:23.221 [info] > git for-each-ref --format=%(refname)%00%(upstream:short)%00%(objectname)%00%(upstream:track)%00%(upstream:remotename)%00%(upstream:remoteref) refs/heads/testing refs/remotes/testing [3ms]
2024-05-11 05:08:23.234 [info] > git status -z -uall [7ms]
2024-05-11 05:08:28.645 [info] > git config --get commit.template [5ms]
2024-05-11 05:08:28.646 [info] > git for-each-ref --format=%(refname)%00%(upstream:short)%00%(objectname)%00%(upstream:track)%00%(upstream:remotename)%00%(upstream:remoteref) refs/heads/testing refs/remotes/testing [1ms]
2024-05-11 05:08:28.652 [info] > git status -z -uall [3ms]
2024-05-11 05:08:31.069 [info] > git check-ignore -v -z --stdin [2ms]
2024-05-11 05:08:32.816 [info] > git check-ignore -v -z --stdin [2ms]
2024-05-11 05:08:33.666 [info] > git config --get commit.template [5ms]
2024-05-11 05:08:33.667 [info] > git for-each-ref --format=%(refname)%00%(upstream:short)%00%(objectname)%00%(upstream:track)%00%(upstream:remotename)%00%(upstream:remoteref) refs/heads/testing refs/remotes/testing [2ms]
2024-05-11 05:08:33.673 [info] > git status -z -uall [3ms]
2024-05-11 05:08:34.316 [info] > git check-ignore -v -z --stdin [3ms]
2024-05-11 05:08:39.683 [info] > git show --textconv :home/default.nix [9ms]
2024-05-11 05:08:39.692 [info] > git ls-files --stage -- /home/blackwhite/Downloads/nixos_rice/home/default.nix [10ms]
2024-05-11 05:08:39.698 [info] > git cat-file -s 31529c1605b7a48185e998caacab7a92caed7063 [2ms]
2024-05-11 05:08:40.331 [info] > git check-ignore -v -z --stdin [2ms]
2024-05-11 05:08:40.958 [info] > git show --textconv :home/shell/fish.nix [10ms]
2024-05-11 05:08:40.960 [info] > git ls-files --stage -- /home/blackwhite/Downloads/nixos_rice/home/shell/fish.nix [3ms]
2024-05-11 05:08:40.967 [info] > git cat-file -s 33e0901f00b8b2e9d50445c7d0b57cf384dd0aed [3ms]
2024-05-11 05:08:41.176 [info] > git config --get commit.template [12ms]
2024-05-11 05:08:41.177 [info] > git for-each-ref --format=%(refname)%00%(upstream:short)%00%(objectname)%00%(upstream:track)%00%(upstream:remotename)%00%(upstream:remoteref) refs/heads/testing refs/remotes/testing [6ms]
2024-05-11 05:08:41.185 [info] > git status -z -uall [4ms]
2024-05-11 05:08:46.203 [info] > git config --get commit.template [5ms]
2024-05-11 05:08:46.205 [info] > git for-each-ref --format=%(refname)%00%(upstream:short)%00%(objectname)%00%(upstream:track)%00%(upstream:remotename)%00%(upstream:remoteref) refs/heads/testing refs/remotes/testing [2ms]
2024-05-11 05:08:46.212 [info] > git status -z -uall [4ms]
2024-05-11 05:08:51.230 [info] > git config --get commit.template [5ms]
2024-05-11 05:08:51.232 [info] > git for-each-ref --format=%(refname)%00%(upstream:short)%00%(objectname)%00%(upstream:track)%00%(upstream:remotename)%00%(upstream:remoteref) refs/heads/testing refs/remotes/testing [3ms]
2024-05-11 05:08:51.243 [info] > git status -z -uall [4ms]
2024-05-11 05:08:56.272 [info] > git config --get commit.template [11ms]
2024-05-11 05:08:56.276 [info] > git for-each-ref --format=%(refname)%00%(upstream:short)%00%(objectname)%00%(upstream:track)%00%(upstream:remotename)%00%(upstream:remoteref) refs/heads/testing refs/remotes/testing [6ms]
2024-05-11 05:08:56.295 [info] > git status -z -uall [10ms]
2024-05-11 05:09:01.325 [info] > git config --get commit.template [7ms]
2024-05-11 05:09:01.327 [info] > git for-each-ref --format=%(refname)%00%(upstream:short)%00%(objectname)%00%(upstream:track)%00%(upstream:remotename)%00%(upstream:remoteref) refs/heads/testing refs/remotes/testing [3ms]
2024-05-11 05:09:01.336 [info] > git status -z -uall [5ms]
2024-05-11 05:09:06.355 [info] > git config --get commit.template [6ms]
2024-05-11 05:09:06.356 [info] > git for-each-ref --format=%(refname)%00%(upstream:short)%00%(objectname)%00%(upstream:track)%00%(upstream:remotename)%00%(upstream:remoteref) refs/heads/testing refs/remotes/testing [2ms]
2024-05-11 05:09:06.364 [info] > git status -z -uall [4ms]
2024-05-11 05:09:11.391 [info] > git config --get commit.template [11ms]
2024-05-11 05:09:11.391 [info] > git for-each-ref --format=%(refname)%00%(upstream:short)%00%(objectname)%00%(upstream:track)%00%(upstream:remotename)%00%(upstream:remoteref) refs/heads/testing refs/remotes/testing [1ms]
2024-05-11 05:09:11.407 [info] > git status -z -uall [1ms]
2024-05-11 05:09:16.431 [info] > git config --get commit.template [7ms]
2024-05-11 05:09:16.434 [info] > git for-each-ref --format=%(refname)%00%(upstream:short)%00%(objectname)%00%(upstream:track)%00%(upstream:remotename)%00%(upstream:remoteref) refs/heads/testing refs/remotes/testing [3ms]
2024-05-11 05:09:16.445 [info] > git status -z -uall [6ms]
2024-05-11 05:09:21.469 [info] > git config --get commit.template [7ms]
2024-05-11 05:09:21.473 [info] > git for-each-ref --format=%(refname)%00%(upstream:short)%00%(objectname)%00%(upstream:track)%00%(upstream:remotename)%00%(upstream:remoteref) refs/heads/testing refs/remotes/testing [4ms]
2024-05-11 05:09:21.486 [info] > git status -z -uall [6ms]
2024-05-11 05:09:26.508 [info] > git config --get commit.template [5ms]
2024-05-11 05:09:26.510 [info] > git for-each-ref --format=%(refname)%00%(upstream:short)%00%(objectname)%00%(upstream:track)%00%(upstream:remotename)%00%(upstream:remoteref) refs/heads/testing refs/remotes/testing [3ms]
2024-05-11 05:09:26.518 [info] > git status -z -uall [5ms]
2024-05-11 05:09:31.534 [info] > git config --get commit.template [3ms]
2024-05-11 05:09:31.536 [info] > git for-each-ref --format=%(refname)%00%(upstream:short)%00%(objectname)%00%(upstream:track)%00%(upstream:remotename)%00%(upstream:remoteref) refs/heads/testing refs/remotes/testing [2ms]
2024-05-11 05:09:31.543 [info] > git status -z -uall [4ms]
2024-05-11 05:09:36.564 [info] > git config --get commit.template [9ms]
2024-05-11 05:09:36.565 [info] > git for-each-ref --format=%(refname)%00%(upstream:short)%00%(objectname)%00%(upstream:track)%00%(upstream:remotename)%00%(upstream:remoteref) refs/heads/testing refs/remotes/testing [2ms]
2024-05-11 05:09:36.572 [info] > git status -z -uall [4ms]
2024-05-11 05:09:41.595 [info] > git config --get commit.template [5ms]
2024-05-11 05:09:41.598 [info] > git for-each-ref --format=%(refname)%00%(upstream:short)%00%(objectname)%00%(upstream:track)%00%(upstream:remotename)%00%(upstream:remoteref) refs/heads/testing refs/remotes/testing [4ms]
2024-05-11 05:09:41.607 [info] > git status -z -uall [5ms]
2024-05-11 05:09:46.639 [info] > git config --get commit.template [11ms]
2024-05-11 05:09:46.644 [info] > git for-each-ref --format=%(refname)%00%(upstream:short)%00%(objectname)%00%(upstream:track)%00%(upstream:remotename)%00%(upstream:remoteref) refs/heads/testing refs/remotes/testing [7ms]
2024-05-11 05:09:46.658 [info] > git status -z -uall [7ms]
2024-05-11 05:09:51.684 [info] > git config --get commit.template [7ms]
2024-05-11 05:09:51.691 [info] > git for-each-ref --format=%(refname)%00%(upstream:short)%00%(objectname)%00%(upstream:track)%00%(upstream:remotename)%00%(upstream:remoteref) refs/heads/testing refs/remotes/testing [6ms]
2024-05-11 05:09:51.700 [info] > git status -z -uall [5ms]
2024-05-11 05:09:56.716 [info] > git config --get commit.template [3ms]
2024-05-11 05:09:56.718 [info] > git for-each-ref --format=%(refname)%00%(upstream:short)%00%(objectname)%00%(upstream:track)%00%(upstream:remotename)%00%(upstream:remoteref) refs/heads/testing refs/remotes/testing [2ms]
2024-05-11 05:09:56.725 [info] > git status -z -uall [4ms]
2024-05-11 05:10:01.745 [info] > git config --get commit.template [6ms]
2024-05-11 05:10:01.753 [info] > git for-each-ref --format=%(refname)%00%(upstream:short)%00%(objectname)%00%(upstream:track)%00%(upstream:remotename)%00%(upstream:remoteref) refs/heads/testing refs/remotes/testing [7ms]
2024-05-11 05:10:01.770 [info] > git status -z -uall [10ms]
2024-05-11 05:10:06.792 [info] > git config --get commit.template [5ms]
2024-05-11 05:10:06.794 [info] > git for-each-ref --format=%(refname)%00%(upstream:short)%00%(objectname)%00%(upstream:track)%00%(upstream:remotename)%00%(upstream:remoteref) refs/heads/testing refs/remotes/testing [3ms]
2024-05-11 05:10:06.803 [info] > git status -z -uall [4ms]
2024-05-11 05:10:11.821 [info] > git config --get commit.template [6ms]
2024-05-11 05:10:11.824 [info] > git for-each-ref --format=%(refname)%00%(upstream:short)%00%(objectname)%00%(upstream:track)%00%(upstream:remotename)%00%(upstream:remoteref) refs/heads/testing refs/remotes/testing [4ms]
2024-05-11 05:10:11.832 [info] > git status -z -uall [4ms]
2024-05-11 05:10:16.854 [info] > git config --get commit.template [5ms]
2024-05-11 05:10:16.857 [info] > git for-each-ref --format=%(refname)%00%(upstream:short)%00%(objectname)%00%(upstream:track)%00%(upstream:remotename)%00%(upstream:remoteref) refs/heads/testing refs/remotes/testing [4ms]
2024-05-11 05:10:16.873 [info] > git status -z -uall [11ms]
2024-05-11 05:10:21.900 [info] > git config --get commit.template [7ms]
2024-05-11 05:10:21.902 [info] > git for-each-ref --format=%(refname)%00%(upstream:short)%00%(objectname)%00%(upstream:track)%00%(upstream:remotename)%00%(upstream:remoteref) refs/heads/testing refs/remotes/testing [3ms]
2024-05-11 05:10:21.911 [info] > git status -z -uall [5ms]
2024-05-11 05:10:26.931 [info] > git config --get commit.template [7ms]
2024-05-11 05:10:26.934 [info] > git for-each-ref --format=%(refname)%00%(upstream:short)%00%(objectname)%00%(upstream:track)%00%(upstream:remotename)%00%(upstream:remoteref) refs/heads/testing refs/remotes/testing [4ms]
2024-05-11 05:10:26.944 [info] > git status -z -uall [6ms]
2024-05-11 05:10:31.959 [info] > git config --get commit.template [4ms]
2024-05-11 05:10:31.966 [info] > git for-each-ref --format=%(refname)%00%(upstream:short)%00%(objectname)%00%(upstream:track)%00%(upstream:remotename)%00%(upstream:remoteref) refs/heads/testing refs/remotes/testing [8ms]
2024-05-11 05:10:31.983 [info] > git status -z -uall [7ms]
2024-05-11 05:10:37.020 [info] > git config --get commit.template [4ms]
2024-05-11 05:10:37.022 [info] > git for-each-ref --format=%(refname)%00%(upstream:short)%00%(objectname)%00%(upstream:track)%00%(upstream:remotename)%00%(upstream:remoteref) refs/heads/testing refs/remotes/testing [2ms]
2024-05-11 05:10:37.030 [info] > git status -z -uall [4ms]
2024-05-11 05:10:42.046 [info] > git config --get commit.template [4ms]
2024-05-11 05:10:42.048 [info] > git for-each-ref --format=%(refname)%00%(upstream:short)%00%(objectname)%00%(upstream:track)%00%(upstream:remotename)%00%(upstream:remoteref) refs/heads/testing refs/remotes/testing [2ms]
2024-05-11 05:10:42.054 [info] > git status -z -uall [3ms]
2024-05-11 05:10:47.077 [info] > git config --get commit.template [6ms]
2024-05-11 05:10:47.079 [info] > git for-each-ref --format=%(refname)%00%(upstream:short)%00%(objectname)%00%(upstream:track)%00%(upstream:remotename)%00%(upstream:remoteref) refs/heads/testing refs/remotes/testing [4ms]
2024-05-11 05:10:47.090 [info] > git status -z -uall [6ms]
2024-05-11 05:10:52.113 [info] > git config --get commit.template [5ms]
2024-05-11 05:10:52.114 [info] > git for-each-ref --format=%(refname)%00%(upstream:short)%00%(objectname)%00%(upstream:track)%00%(upstream:remotename)%00%(upstream:remoteref) refs/heads/testing refs/remotes/testing [2ms]
2024-05-11 05:10:52.124 [info] > git status -z -uall [6ms]
2024-05-11 05:10:57.147 [info] > git config --get commit.template [8ms]
2024-05-11 05:10:57.152 [info] > git for-each-ref --format=%(refname)%00%(upstream:short)%00%(objectname)%00%(upstream:track)%00%(upstream:remotename)%00%(upstream:remoteref) refs/heads/testing refs/remotes/testing [6ms]
2024-05-11 05:10:57.164 [info] > git status -z -uall [6ms]
2024-05-11 05:11:02.181 [info] > git config --get commit.template [4ms]
2024-05-11 05:11:02.182 [info] > git for-each-ref --format=%(refname)%00%(upstream:short)%00%(objectname)%00%(upstream:track)%00%(upstream:remotename)%00%(upstream:remoteref) refs/heads/testing refs/remotes/testing [2ms]
2024-05-11 05:11:02.190 [info] > git status -z -uall [4ms]
2024-05-11 05:11:02.424 [info] > git check-ignore -v -z --stdin [2ms]
2024-05-11 05:11:07.094 [info] > git show --textconv :home/shell/fish/fish.nix [9ms]
2024-05-11 05:11:07.097 [info] > git ls-files --stage -- /home/blackwhite/Downloads/nixos_rice/home/shell/fish/fish.nix [5ms]
2024-05-11 05:11:07.207 [info] > git config --get commit.template [6ms]
2024-05-11 05:11:07.210 [info] > git for-each-ref --format=%(refname)%00%(upstream:short)%00%(objectname)%00%(upstream:track)%00%(upstream:remotename)%00%(upstream:remoteref) refs/heads/testing refs/remotes/testing [4ms]
2024-05-11 05:11:07.218 [info] > git status -z -uall [4ms]
2024-05-11 05:11:07.366 [info] > git check-ignore -v -z --stdin [3ms]
2024-05-11 05:11:12.239 [info] > git config --get commit.template [4ms]
2024-05-11 05:11:12.240 [info] > git for-each-ref --format=%(refname)%00%(upstream:short)%00%(objectname)%00%(upstream:track)%00%(upstream:remotename)%00%(upstream:remoteref) refs/heads/testing refs/remotes/testing [2ms]
2024-05-11 05:11:12.249 [info] > git status -z -uall [5ms]
2024-05-11 05:11:17.273 [info] > git config --get commit.template [5ms]
2024-05-11 05:11:17.275 [info] > git for-each-ref --format=%(refname)%00%(upstream:short)%00%(objectname)%00%(upstream:track)%00%(upstream:remotename)%00%(upstream:remoteref) refs/heads/testing refs/remotes/testing [1ms]
2024-05-11 05:11:17.280 [info] > git status -z -uall [3ms]
2024-05-11 05:11:22.296 [info] > git config --get commit.template [5ms]
2024-05-11 05:11:22.297 [info] > git for-each-ref --format=%(refname)%00%(upstream:short)%00%(objectname)%00%(upstream:track)%00%(upstream:remotename)%00%(upstream:remoteref) refs/heads/testing refs/remotes/testing [2ms]
2024-05-11 05:11:22.303 [info] > git status -z -uall [4ms]
2024-05-11 05:11:27.322 [info] > git config --get commit.template [6ms]
2024-05-11 05:11:27.324 [info] > git for-each-ref --format=%(refname)%00%(upstream:short)%00%(objectname)%00%(upstream:track)%00%(upstream:remotename)%00%(upstream:remoteref) refs/heads/testing refs/remotes/testing [3ms]
2024-05-11 05:11:27.332 [info] > git status -z -uall [5ms]
2024-05-11 05:11:30.212 [info] > git show --textconv :home/shell/fish/fish_ssh_agent.fish [21ms]
2024-05-11 05:11:30.215 [info] > git ls-files --stage -- /home/blackwhite/Downloads/nixos_rice/home/shell/fish/fish_ssh_agent.fish [3ms]
2024-05-11 05:11:30.467 [info] > git check-ignore -v -z --stdin [2ms]
2024-05-11 05:11:32.354 [info] > git for-each-ref --format=%(refname)%00%(upstream:short)%00%(objectname)%00%(upstream:track)%00%(upstream:remotename)%00%(upstream:remoteref) refs/heads/testing refs/remotes/testing [3ms]
2024-05-11 05:11:32.354 [info] > git config --get commit.template [10ms]
2024-05-11 05:11:32.362 [info] > git status -z -uall [5ms]
2024-05-11 05:11:33.768 [info] > git show --textconv :home/shell/fish/fish.nix [10ms]
2024-05-11 05:11:33.770 [info] > git ls-files --stage -- /home/blackwhite/Downloads/nixos_rice/home/shell/fish/fish.nix [3ms]
2024-05-11 05:11:36.445 [info] > git check-ignore -v -z --stdin [3ms]
2024-05-11 05:11:37.376 [info] > git config --get commit.template [3ms]
2024-05-11 05:11:37.378 [info] > git for-each-ref --format=%(refname)%00%(upstream:short)%00%(objectname)%00%(upstream:track)%00%(upstream:remotename)%00%(upstream:remoteref) refs/heads/testing refs/remotes/testing [2ms]
2024-05-11 05:11:37.385 [info] > git status -z -uall [4ms]
2024-05-11 05:11:39.520 [info] > git show --textconv :home/default.nix [4ms]
2024-05-11 05:11:39.521 [info] > git ls-files --stage -- /home/blackwhite/Downloads/nixos_rice/home/default.nix [2ms]
2024-05-11 05:11:39.525 [info] > git cat-file -s 31529c1605b7a48185e998caacab7a92caed7063 [1ms]
2024-05-11 05:11:42.403 [info] > git config --get commit.template [6ms]
2024-05-11 05:11:42.404 [info] > git for-each-ref --format=%(refname)%00%(upstream:short)%00%(objectname)%00%(upstream:track)%00%(upstream:remotename)%00%(upstream:remoteref) refs/heads/testing refs/remotes/testing [2ms]
2024-05-11 05:11:42.413 [info] > git status -z -uall [5ms]
2024-05-11 05:11:47.438 [info] > git config --get commit.template [4ms]
2024-05-11 05:11:47.440 [info] > git for-each-ref --format=%(refname)%00%(upstream:short)%00%(objectname)%00%(upstream:track)%00%(upstream:remotename)%00%(upstream:remoteref) refs/heads/testing refs/remotes/testing [3ms]
2024-05-11 05:11:47.449 [info] > git status -z -uall [5ms]
2024-05-11 05:11:52.464 [info] > git config --get commit.template [3ms]
2024-05-11 05:11:52.466 [info] > git for-each-ref --format=%(refname)%00%(upstream:short)%00%(objectname)%00%(upstream:track)%00%(upstream:remotename)%00%(upstream:remoteref) refs/heads/testing refs/remotes/testing [2ms]
2024-05-11 05:11:52.472 [info] > git status -z -uall [3ms]
2024-05-11 05:11:57.029 [info] > git show --textconv :flake.nix [9ms]
2024-05-11 05:11:57.030 [info] > git ls-files --stage -- /home/blackwhite/Downloads/nixos_rice/flake.nix [4ms]
2024-05-11 05:11:57.036 [info] > git cat-file -s e4095418b576b4758cf23dc2c48e16c9dad1e356 [3ms]
2024-05-11 05:11:57.487 [info] > git config --get commit.template [5ms]
2024-05-11 05:11:57.489 [info] > git for-each-ref --format=%(refname)%00%(upstream:short)%00%(objectname)%00%(upstream:track)%00%(upstream:remotename)%00%(upstream:remoteref) refs/heads/testing refs/remotes/testing [3ms]
2024-05-11 05:11:57.497 [info] > git status -z -uall [4ms]
2024-05-11 05:12:02.306 [info] > git show --textconv :modules/system.nix [10ms]
2024-05-11 05:12:02.309 [info] > git ls-files --stage -- /home/blackwhite/Downloads/nixos_rice/modules/system.nix [4ms]
2024-05-11 05:12:02.316 [info] > git cat-file -s 5df05a22de00601fb4cd0e4674701ae6eb9d2219 [3ms]
2024-05-11 05:12:02.516 [info] > git config --get commit.template [1ms]
2024-05-11 05:12:02.523 [info] > git for-each-ref --format=%(refname)%00%(upstream:short)%00%(objectname)%00%(upstream:track)%00%(upstream:remotename)%00%(upstream:remoteref) refs/heads/testing refs/remotes/testing [3ms]
2024-05-11 05:12:02.530 [info] > git status -z -uall [4ms]
2024-05-11 05:12:07.564 [info] > git config --get commit.template [9ms]
2024-05-11 05:12:07.566 [info] > git for-each-ref --format=%(refname)%00%(upstream:short)%00%(objectname)%00%(upstream:track)%00%(upstream:remotename)%00%(upstream:remoteref) refs/heads/testing refs/remotes/testing [3ms]
2024-05-11 05:12:07.574 [info] > git status -z -uall [4ms]
2024-05-11 05:12:12.597 [info] > git config --get commit.template [10ms]
2024-05-11 05:12:12.599 [info] > git for-each-ref --format=%(refname)%00%(upstream:short)%00%(objectname)%00%(upstream:track)%00%(upstream:remotename)%00%(upstream:remoteref) refs/heads/testing refs/remotes/testing [2ms]
2024-05-11 05:12:12.610 [info] > git status -z -uall [6ms]
2024-05-11 05:12:17.631 [info] > git config --get commit.template [4ms]
2024-05-11 05:12:17.634 [info] > git for-each-ref --format=%(refname)%00%(upstream:short)%00%(objectname)%00%(upstream:track)%00%(upstream:remotename)%00%(upstream:remoteref) refs/heads/testing refs/remotes/testing [3ms]
2024-05-11 05:12:17.640 [info] > git status -z -uall [3ms]
2024-05-11 05:12:22.661 [info] > git config --get commit.template [4ms]
2024-05-11 05:12:22.662 [info] > git for-each-ref --format=%(refname)%00%(upstream:short)%00%(objectname)%00%(upstream:track)%00%(upstream:remotename)%00%(upstream:remoteref) refs/heads/testing refs/remotes/testing [2ms]
2024-05-11 05:12:22.669 [info] > git status -z -uall [4ms]
2024-05-11 05:12:27.698 [info] > git config --get commit.template [5ms]
2024-05-11 05:12:27.700 [info] > git for-each-ref --format=%(refname)%00%(upstream:short)%00%(objectname)%00%(upstream:track)%00%(upstream:remotename)%00%(upstream:remoteref) refs/heads/testing refs/remotes/testing [2ms]
2024-05-11 05:12:27.706 [info] > git status -z -uall [3ms]
2024-05-11 05:12:32.720 [info] > git config --get commit.template [3ms]
2024-05-11 05:12:32.722 [info] > git for-each-ref --format=%(refname)%00%(upstream:short)%00%(objectname)%00%(upstream:track)%00%(upstream:remotename)%00%(upstream:remoteref) refs/heads/testing refs/remotes/testing [2ms]
2024-05-11 05:12:32.729 [info] > git status -z -uall [3ms]
2024-05-11 05:12:37.755 [info] > git config --get commit.template [3ms]
2024-05-11 05:12:37.757 [info] > git for-each-ref --format=%(refname)%00%(upstream:short)%00%(objectname)%00%(upstream:track)%00%(upstream:remotename)%00%(upstream:remoteref) refs/heads/testing refs/remotes/testing [3ms]
2024-05-11 05:12:37.764 [info] > git status -z -uall [5ms]
2024-05-11 05:12:42.780 [info] > git config --get commit.template [4ms]
2024-05-11 05:12:42.782 [info] > git for-each-ref --format=%(refname)%00%(upstream:short)%00%(objectname)%00%(upstream:track)%00%(upstream:remotename)%00%(upstream:remoteref) refs/heads/testing refs/remotes/testing [2ms]
2024-05-11 05:12:42.788 [info] > git status -z -uall [4ms]
2024-05-11 05:12:47.806 [info] > git config --get commit.template [6ms]
2024-05-11 05:12:47.808 [info] > git for-each-ref --format=%(refname)%00%(upstream:short)%00%(objectname)%00%(upstream:track)%00%(upstream:remotename)%00%(upstream:remoteref) refs/heads/testing refs/remotes/testing [3ms]
2024-05-11 05:12:47.836 [info] > git status -z -uall [19ms]
2024-05-11 05:12:52.856 [info] > git config --get commit.template [5ms]
2024-05-11 05:12:52.858 [info] > git for-each-ref --format=%(refname)%00%(upstream:short)%00%(objectname)%00%(upstream:track)%00%(upstream:remotename)%00%(upstream:remoteref) refs/heads/testing refs/remotes/testing [2ms]
2024-05-11 05:12:52.866 [info] > git status -z -uall [5ms]
2024-05-11 05:12:57.889 [info] > git config --get commit.template [7ms]
2024-05-11 05:12:57.892 [info] > git for-each-ref --format=%(refname)%00%(upstream:short)%00%(objectname)%00%(upstream:track)%00%(upstream:remotename)%00%(upstream:remoteref) refs/heads/testing refs/remotes/testing [4ms]
2024-05-11 05:12:57.906 [info] > git status -z -uall [7ms]
2024-05-11 05:13:02.926 [info] > git config --get commit.template [4ms]
2024-05-11 05:13:02.932 [info] > git for-each-ref --format=%(refname)%00%(upstream:short)%00%(objectname)%00%(upstream:track)%00%(upstream:remotename)%00%(upstream:remoteref) refs/heads/testing refs/remotes/testing [7ms]
2024-05-11 05:13:02.939 [info] > git status -z -uall [4ms]
2024-05-11 05:13:07.966 [info] > git config --get commit.template [10ms]
2024-05-11 05:13:07.969 [info] > git for-each-ref --format=%(refname)%00%(upstream:short)%00%(objectname)%00%(upstream:track)%00%(upstream:remotename)%00%(upstream:remoteref) refs/heads/testing refs/remotes/testing [6ms]
2024-05-11 05:13:07.979 [info] > git status -z -uall [5ms]
2024-05-11 05:13:13.012 [info] > git config --get commit.template [6ms]
2024-05-11 05:13:13.016 [info] > git for-each-ref --format=%(refname)%00%(upstream:short)%00%(objectname)%00%(upstream:track)%00%(upstream:remotename)%00%(upstream:remoteref) refs/heads/testing refs/remotes/testing [4ms]
2024-05-11 05:13:13.034 [info] > git status -z -uall [10ms]
2024-05-11 05:13:18.066 [info] > git config --get commit.template [12ms]
2024-05-11 05:13:18.070 [info] > git for-each-ref --format=%(refname)%00%(upstream:short)%00%(objectname)%00%(upstream:track)%00%(upstream:remotename)%00%(upstream:remoteref) refs/heads/testing refs/remotes/testing [5ms]
2024-05-11 05:13:18.083 [info] > git status -z -uall [6ms]
2024-05-11 05:13:23.109 [info] > git config --get commit.template [4ms]
2024-05-11 05:13:23.111 [info] > git for-each-ref --format=%(refname)%00%(upstream:short)%00%(objectname)%00%(upstream:track)%00%(upstream:remotename)%00%(upstream:remoteref) refs/heads/testing refs/remotes/testing [1ms]
2024-05-11 05:13:23.119 [info] > git status -z -uall [4ms]
2024-05-11 05:13:28.140 [info] > git config --get commit.template [6ms]
2024-05-11 05:13:28.142 [info] > git for-each-ref --format=%(refname)%00%(upstream:short)%00%(objectname)%00%(upstream:track)%00%(upstream:remotename)%00%(upstream:remoteref) refs/heads/testing refs/remotes/testing [3ms]
2024-05-11 05:13:28.156 [info] > git status -z -uall [10ms]
2024-05-11 05:13:32.222 [info] > git show --textconv :home/shell/fish/fish_ssh_agent.fish [15ms]
2024-05-11 05:13:32.222 [info] > git ls-files --stage -- /home/blackwhite/Downloads/nixos_rice/home/shell/fish/fish_ssh_agent.fish [3ms]
2024-05-11 05:13:33.190 [info] > git for-each-ref --format=%(refname)%00%(upstream:short)%00%(objectname)%00%(upstream:track)%00%(upstream:remotename)%00%(upstream:remoteref) refs/heads/testing refs/remotes/testing [9ms]
2024-05-11 05:13:33.191 [info] > git config --get commit.template [17ms]
2024-05-11 05:13:33.205 [info] > git status -z -uall [9ms]
2024-05-11 05:13:33.228 [info] > git show --textconv :home/default.nix [23ms]
2024-05-11 05:13:33.232 [info] > git ls-files --stage -- /home/blackwhite/Downloads/nixos_rice/home/default.nix [10ms]
2024-05-11 05:13:33.245 [info] > git cat-file -s 31529c1605b7a48185e998caacab7a92caed7063 [4ms]
2024-05-11 05:13:38.228 [info] > git config --get commit.template [6ms]
2024-05-11 05:13:38.229 [info] > git for-each-ref --format=%(refname)%00%(upstream:short)%00%(objectname)%00%(upstream:track)%00%(upstream:remotename)%00%(upstream:remoteref) refs/heads/testing refs/remotes/testing [2ms]
2024-05-11 05:13:38.236 [info] > git status -z -uall [4ms]
2024-05-11 05:13:43.256 [info] > git config --get commit.template [5ms]
2024-05-11 05:13:43.258 [info] > git for-each-ref --format=%(refname)%00%(upstream:short)%00%(objectname)%00%(upstream:track)%00%(upstream:remotename)%00%(upstream:remoteref) refs/heads/testing refs/remotes/testing [2ms]
2024-05-11 05:13:43.265 [info] > git status -z -uall [4ms]
2024-05-11 05:13:48.287 [info] > git config --get commit.template [6ms]
2024-05-11 05:13:48.287 [info] > git for-each-ref --format=%(refname)%00%(upstream:short)%00%(objectname)%00%(upstream:track)%00%(upstream:remotename)%00%(upstream:remoteref) refs/heads/testing refs/remotes/testing [3ms]
2024-05-11 05:13:48.299 [info] > git status -z -uall [8ms]
2024-05-11 05:13:53.319 [info] > git config --get commit.template [8ms]
2024-05-11 05:13:53.322 [info] > git for-each-ref --format=%(refname)%00%(upstream:short)%00%(objectname)%00%(upstream:track)%00%(upstream:remotename)%00%(upstream:remoteref) refs/heads/testing refs/remotes/testing [3ms]
2024-05-11 05:13:53.330 [info] > git status -z -uall [5ms]
2024-05-11 05:13:58.364 [info] > git config --get commit.template [10ms]
2024-05-11 05:13:58.366 [info] > git for-each-ref --format=%(refname)%00%(upstream:short)%00%(objectname)%00%(upstream:track)%00%(upstream:remotename)%00%(upstream:remoteref) refs/heads/testing refs/remotes/testing [3ms]
2024-05-11 05:13:58.381 [info] > git status -z -uall [8ms]
2024-05-11 05:14:03.414 [info] > git config --get commit.template [9ms]
2024-05-11 05:14:03.416 [info] > git for-each-ref --format=%(refname)%00%(upstream:short)%00%(objectname)%00%(upstream:track)%00%(upstream:remotename)%00%(upstream:remoteref) refs/heads/testing refs/remotes/testing [5ms]
2024-05-11 05:14:03.425 [info] > git status -z -uall [5ms]
2024-05-11 05:14:04.706 [info] > git show --textconv :modules/system.nix [4ms]
2024-05-11 05:14:04.709 [info] > git ls-files --stage -- /home/blackwhite/Downloads/nixos_rice/modules/system.nix [3ms]
2024-05-11 05:14:04.716 [info] > git cat-file -s 5df05a22de00601fb4cd0e4674701ae6eb9d2219 [3ms]
2024-05-11 05:14:05.162 [info] > git show --textconv :home/shell/fish/fish_ssh_agent.fish [10ms]
2024-05-11 05:14:05.165 [info] > git ls-files --stage -- /home/blackwhite/Downloads/nixos_rice/home/shell/fish/fish_ssh_agent.fish [5ms]
2024-05-11 05:14:07.599 [info] > git show --textconv :home/shell/common.nix [8ms]
2024-05-11 05:14:07.604 [info] > git ls-files --stage -- /home/blackwhite/Downloads/nixos_rice/home/shell/common.nix [5ms]
2024-05-11 05:14:07.612 [info] > git cat-file -s 2d8d01ffa824f8d8cf45d6f16b0178a3fbd5e7a1 [3ms]
2024-05-11 05:14:08.131 [info] > git show --textconv :home/shell/fish/fish.nix [9ms]
2024-05-11 05:14:08.136 [info] > git ls-files --stage -- /home/blackwhite/Downloads/nixos_rice/home/shell/fish/fish.nix [6ms]
2024-05-11 05:14:08.446 [info] > git config --get commit.template [2ms]
2024-05-11 05:14:08.453 [info] > git for-each-ref --format=%(refname)%00%(upstream:short)%00%(objectname)%00%(upstream:track)%00%(upstream:remotename)%00%(upstream:remoteref) refs/heads/testing refs/remotes/testing [2ms]
2024-05-11 05:14:08.461 [info] > git status -z -uall [4ms]
2024-05-11 05:14:13.480 [info] > git config --get commit.template [5ms]
2024-05-11 05:14:13.483 [info] > git for-each-ref --format=%(refname)%00%(upstream:short)%00%(objectname)%00%(upstream:track)%00%(upstream:remotename)%00%(upstream:remoteref) refs/heads/testing refs/remotes/testing [4ms]
2024-05-11 05:14:13.491 [info] > git status -z -uall [4ms]
2024-05-11 05:14:15.180 [info] > git show --textconv :home/shell/fish/default.nix [5ms]
2024-05-11 05:14:15.182 [info] > git ls-files --stage -- /home/blackwhite/Downloads/nixos_rice/home/shell/fish/default.nix [2ms]
2024-05-11 05:14:15.454 [info] > git check-ignore -v -z --stdin [2ms]
2024-05-11 05:14:17.014 [info] > git ls-files --stage -- /home/blackwhite/Downloads/nixos_rice/home/shell/default.nix [2ms]
2024-05-11 05:14:17.017 [info] > git show --textconv :home/shell/default.nix [8ms]
2024-05-11 05:14:17.019 [info] > git cat-file -s 67d92cde7145e2c9e15cc7ca6f7fb8c08c43f0a4 [2ms]
2024-05-11 05:14:18.504 [info] > git config --get commit.template [4ms]
2024-05-11 05:14:18.505 [info] > git for-each-ref --format=%(refname)%00%(upstream:short)%00%(objectname)%00%(upstream:track)%00%(upstream:remotename)%00%(upstream:remoteref) refs/heads/testing refs/remotes/testing [1ms]
2024-05-11 05:14:18.511 [info] > git status -z -uall [3ms]
2024-05-11 05:14:22.395 [info] > git show --textconv :home/shell/fish/default.nix [6ms]
2024-05-11 05:14:22.397 [info] > git ls-files --stage -- /home/blackwhite/Downloads/nixos_rice/home/shell/fish/default.nix [2ms]
2024-05-11 05:14:23.534 [info] > git config --get commit.template [9ms]
2024-05-11 05:14:23.537 [info] > git for-each-ref --format=%(refname)%00%(upstream:short)%00%(objectname)%00%(upstream:track)%00%(upstream:remotename)%00%(upstream:remoteref) refs/heads/testing refs/remotes/testing [4ms]
2024-05-11 05:14:23.548 [info] > git status -z -uall [6ms]
2024-05-11 05:14:28.609 [info] > git config --get commit.template [4ms]
2024-05-11 05:14:28.611 [info] > git for-each-ref --format=%(refname)%00%(upstream:short)%00%(objectname)%00%(upstream:track)%00%(upstream:remotename)%00%(upstream:remoteref) refs/heads/testing refs/remotes/testing [2ms]
2024-05-11 05:14:28.621 [info] > git status -z -uall [5ms]
2024-05-11 05:14:33.789 [info] > git config --get commit.template [3ms]
2024-05-11 05:14:33.797 [info] > git for-each-ref --format=%(refname)%00%(upstream:short)%00%(objectname)%00%(upstream:track)%00%(upstream:remotename)%00%(upstream:remoteref) refs/heads/testing refs/remotes/testing [3ms]
2024-05-11 05:14:33.807 [info] > git status -z -uall [6ms]
2024-05-11 05:14:34.281 [info] > git show --textconv :home/shell/fish/fish_ssh_agent.fish [5ms]
2024-05-11 05:14:34.284 [info] > git ls-files --stage -- /home/blackwhite/Downloads/nixos_rice/home/shell/fish/fish_ssh_agent.fish [4ms]
2024-05-11 05:14:36.230 [info] > git show --textconv :home/shell/fish/default.nix [10ms]
2024-05-11 05:14:36.234 [info] > git ls-files --stage -- /home/blackwhite/Downloads/nixos_rice/home/shell/fish/default.nix [5ms]
2024-05-11 05:14:38.829 [info] > git config --get commit.template [4ms]
2024-05-11 05:14:38.830 [info] > git for-each-ref --format=%(refname)%00%(upstream:short)%00%(objectname)%00%(upstream:track)%00%(upstream:remotename)%00%(upstream:remoteref) refs/heads/testing refs/remotes/testing [2ms]
2024-05-11 05:14:38.836 [info] > git status -z -uall [3ms]
2024-05-11 05:14:43.858 [info] > git config --get commit.template [8ms]
2024-05-11 05:14:43.859 [info] > git for-each-ref --format=%(refname)%00%(upstream:short)%00%(objectname)%00%(upstream:track)%00%(upstream:remotename)%00%(upstream:remoteref) refs/heads/testing refs/remotes/testing [2ms]
2024-05-11 05:14:43.872 [info] > git status -z -uall [7ms]
2024-05-11 05:14:48.890 [info] > git config --get commit.template [7ms]
2024-05-11 05:14:48.891 [info] > git for-each-ref --format=%(refname)%00%(upstream:short)%00%(objectname)%00%(upstream:track)%00%(upstream:remotename)%00%(upstream:remoteref) refs/heads/testing refs/remotes/testing [2ms]
2024-05-11 05:14:48.899 [info] > git status -z -uall [4ms]
2024-05-11 05:14:53.917 [info] > git config --get commit.template [4ms]
2024-05-11 05:14:53.918 [info] > git for-each-ref --format=%(refname)%00%(upstream:short)%00%(objectname)%00%(upstream:track)%00%(upstream:remotename)%00%(upstream:remoteref) refs/heads/testing refs/remotes/testing [2ms]
2024-05-11 05:14:53.929 [info] > git status -z -uall [8ms]
2024-05-11 05:14:58.950 [info] > git config --get commit.template [4ms]
2024-05-11 05:14:58.951 [info] > git for-each-ref --format=%(refname)%00%(upstream:short)%00%(objectname)%00%(upstream:track)%00%(upstream:remotename)%00%(upstream:remoteref) refs/heads/testing refs/remotes/testing [1ms]
2024-05-11 05:14:58.958 [info] > git status -z -uall [4ms]
2024-05-11 05:15:03.971 [info] > git config --get commit.template [4ms]
2024-05-11 05:15:03.974 [info] > git for-each-ref --format=%(refname)%00%(upstream:short)%00%(objectname)%00%(upstream:track)%00%(upstream:remotename)%00%(upstream:remoteref) refs/heads/testing refs/remotes/testing [2ms]
2024-05-11 05:15:03.981 [info] > git status -z -uall [4ms]
2024-05-11 05:15:09.004 [info] > git config --get commit.template [7ms]
2024-05-11 05:15:09.006 [info] > git for-each-ref --format=%(refname)%00%(upstream:short)%00%(objectname)%00%(upstream:track)%00%(upstream:remotename)%00%(upstream:remoteref) refs/heads/testing refs/remotes/testing [3ms]
2024-05-11 05:15:09.015 [info] > git status -z -uall [4ms]
2024-05-11 05:15:14.033 [info] > git config --get commit.template [5ms]
2024-05-11 05:15:14.038 [info] > git for-each-ref --format=%(refname)%00%(upstream:short)%00%(objectname)%00%(upstream:track)%00%(upstream:remotename)%00%(upstream:remoteref) refs/heads/testing refs/remotes/testing [6ms]
2024-05-11 05:15:14.044 [info] > git status -z -uall [3ms]
2024-05-11 05:15:19.067 [info] > git config --get commit.template [5ms]
2024-05-11 05:15:19.068 [info] > git for-each-ref --format=%(refname)%00%(upstream:short)%00%(objectname)%00%(upstream:track)%00%(upstream:remotename)%00%(upstream:remoteref) refs/heads/testing refs/remotes/testing [2ms]
2024-05-11 05:15:19.075 [info] > git status -z -uall [4ms]
2024-05-11 05:15:24.099 [info] > git config --get commit.template [8ms]
2024-05-11 05:15:24.100 [info] > git for-each-ref --format=%(refname)%00%(upstream:short)%00%(objectname)%00%(upstream:track)%00%(upstream:remotename)%00%(upstream:remoteref) refs/heads/testing refs/remotes/testing [2ms]
2024-05-11 05:15:24.109 [info] > git status -z -uall [4ms]
2024-05-11 05:15:29.135 [info] > git config --get commit.template [5ms]
2024-05-11 05:15:29.138 [info] > git for-each-ref --format=%(refname)%00%(upstream:short)%00%(objectname)%00%(upstream:track)%00%(upstream:remotename)%00%(upstream:remoteref) refs/heads/testing refs/remotes/testing [4ms]
2024-05-11 05:15:29.149 [info] > git status -z -uall [5ms]
2024-05-11 05:15:34.170 [info] > git config --get commit.template [6ms]
2024-05-11 05:15:34.174 [info] > git for-each-ref --format=%(refname)%00%(upstream:short)%00%(objectname)%00%(upstream:track)%00%(upstream:remotename)%00%(upstream:remoteref) refs/heads/testing refs/remotes/testing [5ms]
2024-05-11 05:15:34.180 [info] > git status -z -uall [3ms]
2024-05-11 05:15:39.208 [info] > git config --get commit.template [5ms]
2024-05-11 05:15:39.211 [info] > git for-each-ref --format=%(refname)%00%(upstream:short)%00%(objectname)%00%(upstream:track)%00%(upstream:remotename)%00%(upstream:remoteref) refs/heads/testing refs/remotes/testing [3ms]
2024-05-11 05:15:39.219 [info] > git status -z -uall [3ms]
2024-05-11 05:15:44.224 [info] > git config --get commit.template [3ms]
2024-05-11 05:15:44.226 [info] > git for-each-ref --format=%(refname)%00%(upstream:short)%00%(objectname)%00%(upstream:track)%00%(upstream:remotename)%00%(upstream:remoteref) refs/heads/testing refs/remotes/testing [2ms]
2024-05-11 05:15:44.232 [info] > git status -z -uall [3ms]
2024-05-11 05:15:49.256 [info] > git config --get commit.template [9ms]
2024-05-11 05:15:49.258 [info] > git for-each-ref --format=%(refname)%00%(upstream:short)%00%(objectname)%00%(upstream:track)%00%(upstream:remotename)%00%(upstream:remoteref) refs/heads/testing refs/remotes/testing [3ms]
2024-05-11 05:15:49.269 [info] > git status -z -uall [6ms]
2024-05-11 05:15:54.290 [info] > git config --get commit.template [6ms]
2024-05-11 05:15:54.291 [info] > git for-each-ref --format=%(refname)%00%(upstream:short)%00%(objectname)%00%(upstream:track)%00%(upstream:remotename)%00%(upstream:remoteref) refs/heads/testing refs/remotes/testing [2ms]
2024-05-11 05:15:54.299 [info] > git status -z -uall [4ms]
2024-05-11 05:15:59.320 [info] > git config --get commit.template [4ms]
2024-05-11 05:15:59.322 [info] > git for-each-ref --format=%(refname)%00%(upstream:short)%00%(objectname)%00%(upstream:track)%00%(upstream:remotename)%00%(upstream:remoteref) refs/heads/testing refs/remotes/testing [2ms]
2024-05-11 05:15:59.328 [info] > git status -z -uall [4ms]
2024-05-11 05:16:04.352 [info] > git config --get commit.template [7ms]
2024-05-11 05:16:04.355 [info] > git for-each-ref --format=%(refname)%00%(upstream:short)%00%(objectname)%00%(upstream:track)%00%(upstream:remotename)%00%(upstream:remoteref) refs/heads/testing refs/remotes/testing [4ms]
2024-05-11 05:16:04.368 [info] > git status -z -uall [7ms]
2024-05-11 05:16:09.391 [info] > git config --get commit.template [4ms]
2024-05-11 05:16:09.393 [info] > git for-each-ref --format=%(refname)%00%(upstream:short)%00%(objectname)%00%(upstream:track)%00%(upstream:remotename)%00%(upstream:remoteref) refs/heads/testing refs/remotes/testing [3ms]
2024-05-11 05:16:09.400 [info] > git status -z -uall [4ms]
2024-05-11 05:16:14.427 [info] > git config --get commit.template [7ms]
2024-05-11 05:16:14.428 [info] > git for-each-ref --format=%(refname)%00%(upstream:short)%00%(objectname)%00%(upstream:track)%00%(upstream:remotename)%00%(upstream:remoteref) refs/heads/testing refs/remotes/testing [2ms]
2024-05-11 05:16:14.448 [info] > git status -z -uall [6ms]
2024-05-11 05:16:19.470 [info] > git config --get commit.template [4ms]
2024-05-11 05:16:19.471 [info] > git for-each-ref --format=%(refname)%00%(upstream:short)%00%(objectname)%00%(upstream:track)%00%(upstream:remotename)%00%(upstream:remoteref) refs/heads/testing refs/remotes/testing [2ms]
2024-05-11 05:16:19.478 [info] > git status -z -uall [3ms]
2024-05-11 05:16:24.501 [info] > git config --get commit.template [4ms]
2024-05-11 05:16:24.503 [info] > git for-each-ref --format=%(refname)%00%(upstream:short)%00%(objectname)%00%(upstream:track)%00%(upstream:remotename)%00%(upstream:remoteref) refs/heads/testing refs/remotes/testing [3ms]
2024-05-11 05:16:24.512 [info] > git status -z -uall [5ms]
2024-05-11 05:16:29.530 [info] > git config --get commit.template [5ms]
2024-05-11 05:16:29.533 [info] > git for-each-ref --format=%(refname)%00%(upstream:short)%00%(objectname)%00%(upstream:track)%00%(upstream:remotename)%00%(upstream:remoteref) refs/heads/testing refs/remotes/testing [4ms]
2024-05-11 05:16:29.541 [info] > git status -z -uall [4ms]
2024-05-11 05:16:29.953 [info] > git show --textconv :home/default.nix [0ms]
2024-05-11 05:16:29.962 [info] > git ls-files --stage -- /home/blackwhite/Downloads/nixos_rice/home/default.nix [2ms]
2024-05-11 05:16:29.968 [info] > git cat-file -s 31529c1605b7a48185e998caacab7a92caed7063 [2ms]
2024-05-11 05:16:30.937 [info] > git show --textconv :home/shell/fish/fish_ssh_agent.fish [8ms]
2024-05-11 05:16:30.940 [info] > git ls-files --stage -- /home/blackwhite/Downloads/nixos_rice/home/shell/fish/fish_ssh_agent.fish [4ms]
2024-05-11 05:16:34.557 [info] > git config --get commit.template [2ms]
2024-05-11 05:16:34.563 [info] > git for-each-ref --format=%(refname)%00%(upstream:short)%00%(objectname)%00%(upstream:track)%00%(upstream:remotename)%00%(upstream:remoteref) refs/heads/testing refs/remotes/testing [3ms]
2024-05-11 05:16:34.580 [info] > git status -z -uall [11ms]
2024-05-11 05:16:39.612 [info] > git config --get commit.template [6ms]
2024-05-11 05:16:39.613 [info] > git for-each-ref --format=%(refname)%00%(upstream:short)%00%(objectname)%00%(upstream:track)%00%(upstream:remotename)%00%(upstream:remoteref) refs/heads/testing refs/remotes/testing [2ms]
2024-05-11 05:16:39.621 [info] > git status -z -uall [5ms]
2024-05-11 05:16:44.644 [info] > git config --get commit.template [5ms]
2024-05-11 05:16:44.646 [info] > git for-each-ref --format=%(refname)%00%(upstream:short)%00%(objectname)%00%(upstream:track)%00%(upstream:remotename)%00%(upstream:remoteref) refs/heads/testing refs/remotes/testing [2ms]
2024-05-11 05:16:44.654 [info] > git status -z -uall [4ms]
2024-05-11 05:16:48.608 [info] > git show --textconv :modules/system.nix [8ms]
2024-05-11 05:16:48.610 [info] > git ls-files --stage -- /home/blackwhite/Downloads/nixos_rice/modules/system.nix [3ms]
2024-05-11 05:16:48.616 [info] > git cat-file -s 5df05a22de00601fb4cd0e4674701ae6eb9d2219 [3ms]
2024-05-11 05:16:49.668 [info] > git config --get commit.template [3ms]
2024-05-11 05:16:49.671 [info] > git for-each-ref --format=%(refname)%00%(upstream:short)%00%(objectname)%00%(upstream:track)%00%(upstream:remotename)%00%(upstream:remoteref) refs/heads/testing refs/remotes/testing [3ms]
2024-05-11 05:16:49.678 [info] > git status -z -uall [5ms]
2024-05-11 05:16:50.035 [info] > git show --textconv :home/default.nix [4ms]
2024-05-11 05:16:50.038 [info] > git ls-files --stage -- /home/blackwhite/Downloads/nixos_rice/home/default.nix [3ms]
2024-05-11 05:16:50.044 [info] > git cat-file -s 31529c1605b7a48185e998caacab7a92caed7063 [3ms]
2024-05-11 05:16:51.449 [info] > git show --textconv :home/shell/fish/default.nix [5ms]
2024-05-11 05:16:51.451 [info] > git ls-files --stage -- /home/blackwhite/Downloads/nixos_rice/home/shell/fish/default.nix [3ms]
2024-05-11 05:16:54.697 [info] > git config --get commit.template [6ms]
2024-05-11 05:16:54.699 [info] > git for-each-ref --format=%(refname)%00%(upstream:short)%00%(objectname)%00%(upstream:track)%00%(upstream:remotename)%00%(upstream:remoteref) refs/heads/testing refs/remotes/testing [3ms]
2024-05-11 05:16:54.709 [info] > git status -z -uall [5ms]
2024-05-11 05:16:59.729 [info] > git config --get commit.template [6ms]
2024-05-11 05:16:59.732 [info] > git for-each-ref --format=%(refname)%00%(upstream:short)%00%(objectname)%00%(upstream:track)%00%(upstream:remotename)%00%(upstream:remoteref) refs/heads/testing refs/remotes/testing [4ms]
2024-05-11 05:16:59.744 [info] > git status -z -uall [6ms]
2024-05-11 05:17:04.771 [info] > git config --get commit.template [9ms]
2024-05-11 05:17:04.773 [info] > git for-each-ref --format=%(refname)%00%(upstream:short)%00%(objectname)%00%(upstream:track)%00%(upstream:remotename)%00%(upstream:remoteref) refs/heads/testing refs/remotes/testing [3ms]
2024-05-11 05:17:04.781 [info] > git status -z -uall [4ms]
2024-05-11 05:17:09.802 [info] > git config --get commit.template [5ms]
2024-05-11 05:17:09.804 [info] > git for-each-ref --format=%(refname)%00%(upstream:short)%00%(objectname)%00%(upstream:track)%00%(upstream:remotename)%00%(upstream:remoteref) refs/heads/testing refs/remotes/testing [3ms]
2024-05-11 05:17:09.816 [info] > git status -z -uall [7ms]
2024-05-11 05:17:14.831 [info] > git config --get commit.template [4ms]
2024-05-11 05:17:14.833 [info] > git for-each-ref --format=%(refname)%00%(upstream:short)%00%(objectname)%00%(upstream:track)%00%(upstream:remotename)%00%(upstream:remoteref) refs/heads/testing refs/remotes/testing [2ms]
2024-05-11 05:17:14.839 [info] > git status -z -uall [4ms]
2024-05-11 05:17:19.858 [info] > git config --get commit.template [7ms]
2024-05-11 05:17:19.860 [info] > git for-each-ref --format=%(refname)%00%(upstream:short)%00%(objectname)%00%(upstream:track)%00%(upstream:remotename)%00%(upstream:remoteref) refs/heads/testing refs/remotes/testing [3ms]
2024-05-11 05:17:19.873 [info] > git status -z -uall [5ms]
2024-05-11 05:17:24.894 [info] > git config --get commit.template [3ms]
2024-05-11 05:17:24.895 [info] > git for-each-ref --format=%(refname)%00%(upstream:short)%00%(objectname)%00%(upstream:track)%00%(upstream:remotename)%00%(upstream:remoteref) refs/heads/testing refs/remotes/testing [2ms]
2024-05-11 05:17:24.905 [info] > git status -z -uall [5ms]
2024-05-11 05:17:29.923 [info] > git config --get commit.template [5ms]
2024-05-11 05:17:29.925 [info] > git for-each-ref --format=%(refname)%00%(upstream:short)%00%(objectname)%00%(upstream:track)%00%(upstream:remotename)%00%(upstream:remoteref) refs/heads/testing refs/remotes/testing [4ms]
2024-05-11 05:17:29.932 [info] > git status -z -uall [4ms]
2024-05-11 05:17:34.949 [info] > git config --get commit.template [4ms]
2024-05-11 05:17:34.951 [info] > git for-each-ref --format=%(refname)%00%(upstream:short)%00%(objectname)%00%(upstream:track)%00%(upstream:remotename)%00%(upstream:remoteref) refs/heads/testing refs/remotes/testing [2ms]
2024-05-11 05:17:34.957 [info] > git status -z -uall [3ms]
2024-05-11 05:17:39.980 [info] > git config --get commit.template [7ms]
2024-05-11 05:17:39.984 [info] > git for-each-ref --format=%(refname)%00%(upstream:short)%00%(objectname)%00%(upstream:track)%00%(upstream:remotename)%00%(upstream:remoteref) refs/heads/testing refs/remotes/testing [5ms]
2024-05-11 05:17:39.993 [info] > git status -z -uall [5ms]
2024-05-11 05:17:45.023 [info] > git config --get commit.template [11ms]
2024-05-11 05:17:45.026 [info] > git for-each-ref --format=%(refname)%00%(upstream:short)%00%(objectname)%00%(upstream:track)%00%(upstream:remotename)%00%(upstream:remoteref) refs/heads/testing refs/remotes/testing [4ms]
2024-05-11 05:17:45.052 [info] > git status -z -uall [10ms]
2024-05-11 05:17:50.078 [info] > git config --get commit.template [5ms]
2024-05-11 05:17:50.082 [info] > git for-each-ref --format=%(refname)%00%(upstream:short)%00%(objectname)%00%(upstream:track)%00%(upstream:remotename)%00%(upstream:remoteref) refs/heads/testing refs/remotes/testing [3ms]
2024-05-11 05:17:50.091 [info] > git status -z -uall [5ms]
2024-05-11 05:17:55.118 [info] > git config --get commit.template [7ms]
2024-05-11 05:17:55.120 [info] > git for-each-ref --format=%(refname)%00%(upstream:short)%00%(objectname)%00%(upstream:track)%00%(upstream:remotename)%00%(upstream:remoteref) refs/heads/testing refs/remotes/testing [3ms]
2024-05-11 05:17:55.134 [info] > git status -z -uall [6ms]
2024-05-11 05:18:00.157 [info] > git config --get commit.template [5ms]
2024-05-11 05:18:00.159 [info] > git for-each-ref --format=%(refname)%00%(upstream:short)%00%(objectname)%00%(upstream:track)%00%(upstream:remotename)%00%(upstream:remoteref) refs/heads/testing refs/remotes/testing [2ms]
2024-05-11 05:18:00.166 [info] > git status -z -uall [4ms]
2024-05-11 05:18:05.183 [info] > git config --get commit.template [6ms]
2024-05-11 05:18:05.186 [info] > git for-each-ref --format=%(refname)%00%(upstream:short)%00%(objectname)%00%(upstream:track)%00%(upstream:remotename)%00%(upstream:remoteref) refs/heads/testing refs/remotes/testing [5ms]
2024-05-11 05:18:05.195 [info] > git status -z -uall [5ms]
2024-05-11 05:18:10.215 [info] > git config --get commit.template [5ms]
2024-05-11 05:18:10.217 [info] > git for-each-ref --format=%(refname)%00%(upstream:short)%00%(objectname)%00%(upstream:track)%00%(upstream:remotename)%00%(upstream:remoteref) refs/heads/testing refs/remotes/testing [3ms]
2024-05-11 05:18:10.223 [info] > git status -z -uall [4ms]
2024-05-11 05:18:15.243 [info] > git config --get commit.template [7ms]
2024-05-11 05:18:15.251 [info] > git for-each-ref --format=%(refname)%00%(upstream:short)%00%(objectname)%00%(upstream:track)%00%(upstream:remotename)%00%(upstream:remoteref) refs/heads/testing refs/remotes/testing [7ms]
2024-05-11 05:18:15.262 [info] > git status -z -uall [6ms]
2024-05-11 05:18:20.288 [info] > git config --get commit.template [5ms]
2024-05-11 05:18:20.291 [info] > git for-each-ref --format=%(refname)%00%(upstream:short)%00%(objectname)%00%(upstream:track)%00%(upstream:remotename)%00%(upstream:remoteref) refs/heads/testing refs/remotes/testing [3ms]
2024-05-11 05:18:20.298 [info] > git status -z -uall [3ms]
2024-05-11 05:18:25.309 [info] > git config --get commit.template [4ms]
2024-05-11 05:18:25.311 [info] > git for-each-ref --format=%(refname)%00%(upstream:short)%00%(objectname)%00%(upstream:track)%00%(upstream:remotename)%00%(upstream:remoteref) refs/heads/testing refs/remotes/testing [2ms]
2024-05-11 05:18:25.317 [info] > git status -z -uall [3ms]
2024-05-11 05:18:30.337 [info] > git config --get commit.template [5ms]
2024-05-11 05:18:30.338 [info] > git for-each-ref --format=%(refname)%00%(upstream:short)%00%(objectname)%00%(upstream:track)%00%(upstream:remotename)%00%(upstream:remoteref) refs/heads/testing refs/remotes/testing [2ms]
2024-05-11 05:18:30.346 [info] > git status -z -uall [4ms]
2024-05-11 05:18:35.369 [info] > git config --get commit.template [5ms]
2024-05-11 05:18:35.371 [info] > git for-each-ref --format=%(refname)%00%(upstream:short)%00%(objectname)%00%(upstream:track)%00%(upstream:remotename)%00%(upstream:remoteref) refs/heads/testing refs/remotes/testing [2ms]
2024-05-11 05:18:35.378 [info] > git status -z -uall [4ms]
2024-05-11 05:18:40.397 [info] > git config --get commit.template [5ms]
2024-05-11 05:18:40.399 [info] > git for-each-ref --format=%(refname)%00%(upstream:short)%00%(objectname)%00%(upstream:track)%00%(upstream:remotename)%00%(upstream:remoteref) refs/heads/testing refs/remotes/testing [3ms]
2024-05-11 05:18:40.406 [info] > git status -z -uall [3ms]
2024-05-11 05:18:45.421 [info] > git config --get commit.template [4ms]
2024-05-11 05:18:45.423 [info] > git for-each-ref --format=%(refname)%00%(upstream:short)%00%(objectname)%00%(upstream:track)%00%(upstream:remotename)%00%(upstream:remoteref) refs/heads/testing refs/remotes/testing [2ms]
2024-05-11 05:18:45.432 [info] > git status -z -uall [4ms]
2024-05-11 05:18:50.461 [info] > git config --get commit.template [4ms]
2024-05-11 05:18:50.463 [info] > git for-each-ref --format=%(refname)%00%(upstream:short)%00%(objectname)%00%(upstream:track)%00%(upstream:remotename)%00%(upstream:remoteref) refs/heads/testing refs/remotes/testing [3ms]
2024-05-11 05:18:50.471 [info] > git status -z -uall [5ms]
2024-05-11 05:18:55.474 [info] > git config --get commit.template [4ms]
2024-05-11 05:18:55.475 [info] > git for-each-ref --format=%(refname)%00%(upstream:short)%00%(objectname)%00%(upstream:track)%00%(upstream:remotename)%00%(upstream:remoteref) refs/heads/testing refs/remotes/testing [2ms]
2024-05-11 05:18:55.481 [info] > git status -z -uall [4ms]
2024-05-11 05:19:00.495 [info] > git config --get commit.template [5ms]
2024-05-11 05:19:00.497 [info] > git for-each-ref --format=%(refname)%00%(upstream:short)%00%(objectname)%00%(upstream:track)%00%(upstream:remotename)%00%(upstream:remoteref) refs/heads/testing refs/remotes/testing [3ms]
2024-05-11 05:19:00.505 [info] > git status -z -uall [5ms]
2024-05-11 05:19:05.519 [info] > git config --get commit.template [5ms]
2024-05-11 05:19:05.520 [info] > git for-each-ref --format=%(refname)%00%(upstream:short)%00%(objectname)%00%(upstream:track)%00%(upstream:remotename)%00%(upstream:remoteref) refs/heads/testing refs/remotes/testing [3ms]
2024-05-11 05:19:05.529 [info] > git status -z -uall [3ms]
2024-05-11 05:19:10.543 [info] > git config --get commit.template [2ms]
2024-05-11 05:19:10.550 [info] > git for-each-ref --format=%(refname)%00%(upstream:short)%00%(objectname)%00%(upstream:track)%00%(upstream:remotename)%00%(upstream:remoteref) refs/heads/testing refs/remotes/testing [3ms]
2024-05-11 05:19:10.556 [info] > git status -z -uall [4ms]
2024-05-11 05:19:15.578 [info] > git config --get commit.template [7ms]
2024-05-11 05:19:15.580 [info] > git for-each-ref --format=%(refname)%00%(upstream:short)%00%(objectname)%00%(upstream:track)%00%(upstream:remotename)%00%(upstream:remoteref) refs/heads/testing refs/remotes/testing [3ms]
2024-05-11 05:19:15.589 [info] > git status -z -uall [4ms]
2024-05-11 05:19:20.621 [info] > git config --get commit.template [4ms]
2024-05-11 05:19:20.624 [info] > git for-each-ref --format=%(refname)%00%(upstream:short)%00%(objectname)%00%(upstream:track)%00%(upstream:remotename)%00%(upstream:remoteref) refs/heads/testing refs/remotes/testing [4ms]
2024-05-11 05:19:20.632 [info] > git status -z -uall [3ms]
2024-05-11 05:19:25.653 [info] > git config --get commit.template [4ms]
2024-05-11 05:19:25.655 [info] > git for-each-ref --format=%(refname)%00%(upstream:short)%00%(objectname)%00%(upstream:track)%00%(upstream:remotename)%00%(upstream:remoteref) refs/heads/testing refs/remotes/testing [2ms]
2024-05-11 05:19:25.662 [info] > git status -z -uall [4ms]
2024-05-11 05:19:30.684 [info] > git config --get commit.template [7ms]
2024-05-11 05:19:30.686 [info] > git for-each-ref --format=%(refname)%00%(upstream:short)%00%(objectname)%00%(upstream:track)%00%(upstream:remotename)%00%(upstream:remoteref) refs/heads/testing refs/remotes/testing [4ms]
2024-05-11 05:19:30.698 [info] > git status -z -uall [7ms]
2024-05-11 05:19:35.726 [info] > git config --get commit.template [6ms]
2024-05-11 05:19:35.728 [info] > git for-each-ref --format=%(refname)%00%(upstream:short)%00%(objectname)%00%(upstream:track)%00%(upstream:remotename)%00%(upstream:remoteref) refs/heads/testing refs/remotes/testing [3ms]
2024-05-11 05:19:35.742 [info] > git status -z -uall [8ms]
2024-05-11 05:19:40.768 [info] > git config --get commit.template [7ms]
2024-05-11 05:19:40.770 [info] > git for-each-ref --format=%(refname)%00%(upstream:short)%00%(objectname)%00%(upstream:track)%00%(upstream:remotename)%00%(upstream:remoteref) refs/heads/testing refs/remotes/testing [3ms]
2024-05-11 05:19:40.782 [info] > git status -z -uall [6ms]
2024-05-11 05:19:45.813 [info] > git config --get commit.template [8ms]
2024-05-11 05:19:45.816 [info] > git for-each-ref --format=%(refname)%00%(upstream:short)%00%(objectname)%00%(upstream:track)%00%(upstream:remotename)%00%(upstream:remoteref) refs/heads/testing refs/remotes/testing [4ms]
2024-05-11 05:19:45.828 [info] > git status -z -uall [6ms]
2024-05-11 05:19:50.857 [info] > git config --get commit.template [8ms]
2024-05-11 05:19:50.860 [info] > git for-each-ref --format=%(refname)%00%(upstream:short)%00%(objectname)%00%(upstream:track)%00%(upstream:remotename)%00%(upstream:remoteref) refs/heads/testing refs/remotes/testing [5ms]
2024-05-11 05:19:50.874 [info] > git status -z -uall [9ms]
2024-05-11 05:19:55.894 [info] > git config --get commit.template [4ms]
2024-05-11 05:19:55.896 [info] > git for-each-ref --format=%(refname)%00%(upstream:short)%00%(objectname)%00%(upstream:track)%00%(upstream:remotename)%00%(upstream:remoteref) refs/heads/testing refs/remotes/testing [3ms]
2024-05-11 05:19:55.905 [info] > git status -z -uall [4ms]
2024-05-11 05:20:00.924 [info] > git config --get commit.template [7ms]
2024-05-11 05:20:00.928 [info] > git for-each-ref --format=%(refname)%00%(upstream:short)%00%(objectname)%00%(upstream:track)%00%(upstream:remotename)%00%(upstream:remoteref) refs/heads/testing refs/remotes/testing [5ms]
2024-05-11 05:20:00.941 [info] > git status -z -uall [7ms]
2024-05-11 05:20:05.961 [info] > git config --get commit.template [4ms]
2024-05-11 05:20:05.963 [info] > git for-each-ref --format=%(refname)%00%(upstream:short)%00%(objectname)%00%(upstream:track)%00%(upstream:remotename)%00%(upstream:remoteref) refs/heads/testing refs/remotes/testing [2ms]
2024-05-11 05:20:05.970 [info] > git status -z -uall [3ms]
2024-05-11 05:20:10.994 [info] > git config --get commit.template [6ms]
2024-05-11 05:20:10.996 [info] > git for-each-ref --format=%(refname)%00%(upstream:short)%00%(objectname)%00%(upstream:track)%00%(upstream:remotename)%00%(upstream:remoteref) refs/heads/testing refs/remotes/testing [3ms]
2024-05-11 05:20:11.003 [info] > git status -z -uall [0ms]
2024-05-11 05:20:13.970 [info] > git show --textconv :home/default.nix [11ms]
2024-05-11 05:20:13.972 [info] > git ls-files --stage -- /home/blackwhite/Downloads/nixos_rice/home/default.nix [4ms]
2024-05-11 05:20:13.979 [info] > git cat-file -s 31529c1605b7a48185e998caacab7a92caed7063 [3ms]
2024-05-11 05:20:14.516 [info] > git show --textconv :modules/system.nix [6ms]
2024-05-11 05:20:14.519 [info] > git ls-files --stage -- /home/blackwhite/Downloads/nixos_rice/modules/system.nix [3ms]
2024-05-11 05:20:14.527 [info] > git cat-file -s 5df05a22de00601fb4cd0e4674701ae6eb9d2219 [4ms]
2024-05-11 05:20:15.175 [info] > git show --textconv :home/shell/fish/fish_ssh_agent.fish [13ms]
2024-05-11 05:20:15.178 [info] > git ls-files --stage -- /home/blackwhite/Downloads/nixos_rice/home/shell/fish/fish_ssh_agent.fish [3ms]
2024-05-11 05:20:16.023 [info] > git config --get commit.template [5ms]
2024-05-11 05:20:16.026 [info] > git for-each-ref --format=%(refname)%00%(upstream:short)%00%(objectname)%00%(upstream:track)%00%(upstream:remotename)%00%(upstream:remoteref) refs/heads/testing refs/remotes/testing [2ms]
2024-05-11 05:20:16.036 [info] > git status -z -uall [7ms]
2024-05-11 05:20:18.376 [info] > git show --textconv :modules/system.nix [7ms]
2024-05-11 05:20:18.378 [info] > git ls-files --stage -- /home/blackwhite/Downloads/nixos_rice/modules/system.nix [2ms]
2024-05-11 05:20:18.389 [info] > git cat-file -s 5df05a22de00601fb4cd0e4674701ae6eb9d2219 [4ms]
2024-05-11 05:20:21.053 [info] > git config --get commit.template [5ms]
2024-05-11 05:20:21.054 [info] > git for-each-ref --format=%(refname)%00%(upstream:short)%00%(objectname)%00%(upstream:track)%00%(upstream:remotename)%00%(upstream:remoteref) refs/heads/testing refs/remotes/testing [2ms]
2024-05-11 05:20:21.060 [info] > git status -z -uall [3ms]
2024-05-11 05:22:28.183 [info] > git config --get commit.template [10ms]
2024-05-11 05:22:28.189 [info] > git ls-files --stage -- /home/blackwhite/Downloads/nixos_rice/modules/system.nix [7ms]
2024-05-11 05:22:28.193 [info] > git for-each-ref --format=%(refname)%00%(upstream:short)%00%(objectname)%00%(upstream:track)%00%(upstream:remotename)%00%(upstream:remoteref) refs/heads/testing refs/remotes/testing [4ms]
2024-05-11 05:22:28.197 [info] > git cat-file -s 0249cb2d06ded7b5c45b877fb64b83afef428cd5 [4ms]
2024-05-11 05:22:28.204 [info] > git status -z -uall [7ms]
2024-05-11 05:22:28.213 [info] > git show --textconv :modules/system.nix [10ms]
2024-05-11 05:22:29.691 [info] > git show --textconv :home/default.nix [17ms]
2024-05-11 05:22:29.691 [info] > git ls-files --stage -- /home/blackwhite/Downloads/nixos_rice/home/default.nix [1ms]
2024-05-11 05:22:29.702 [info] > git cat-file -s 4472850abfbd7ff912d78ac531ca334681118b8a [7ms]
2024-05-11 05:22:30.777 [info] > git show --textconv :modules/system.nix [5ms]
2024-05-11 05:22:30.779 [info] > git ls-files --stage -- /home/blackwhite/Downloads/nixos_rice/modules/system.nix [3ms]
2024-05-11 05:22:30.786 [info] > git cat-file -s 0249cb2d06ded7b5c45b877fb64b83afef428cd5 [3ms]
2024-05-11 05:22:33.224 [info] > git config --get commit.template [5ms]
2024-05-11 05:22:33.226 [info] > git for-each-ref --format=%(refname)%00%(upstream:short)%00%(objectname)%00%(upstream:track)%00%(upstream:remotename)%00%(upstream:remoteref) refs/heads/testing refs/remotes/testing [3ms]
2024-05-11 05:22:33.233 [info] > git status -z -uall [4ms]
2024-05-11 05:22:42.029 [info] > git config --get commit.template [7ms]
2024-05-11 05:22:42.031 [info] > git for-each-ref --format=%(refname)%00%(upstream:short)%00%(objectname)%00%(upstream:track)%00%(upstream:remotename)%00%(upstream:remoteref) refs/heads/testing refs/remotes/testing [2ms]
2024-05-11 05:22:42.038 [info] > git status -z -uall [4ms]
2024-05-11 05:22:52.724 [info] > git config --get commit.template [3ms]
2024-05-11 05:22:52.725 [info] > git for-each-ref --format=%(refname)%00%(upstream:short)%00%(objectname)%00%(upstream:track)%00%(upstream:remotename)%00%(upstream:remoteref) refs/heads/testing refs/remotes/testing [2ms]
2024-05-11 05:22:52.731 [info] > git status -z -uall [4ms]
2024-05-11 05:23:05.362 [info] > git config --get commit.template [10ms]
2024-05-11 05:23:05.365 [info] > git for-each-ref --format=%(refname)%00%(upstream:short)%00%(objectname)%00%(upstream:track)%00%(upstream:remotename)%00%(upstream:remoteref) refs/heads/testing refs/remotes/testing [4ms]
2024-05-11 05:23:05.377 [info] > git status -z -uall [7ms]
2024-05-11 05:23:15.375 [info] > git config --get commit.template [5ms]
2024-05-11 05:23:15.377 [info] > git for-each-ref --format=%(refname)%00%(upstream:short)%00%(objectname)%00%(upstream:track)%00%(upstream:remotename)%00%(upstream:remoteref) refs/heads/testing refs/remotes/testing [3ms]
2024-05-11 05:23:15.385 [info] > git status -z -uall [5ms]
2024-05-11 05:23:45.410 [info] > git config --get commit.template [7ms]
2024-05-11 05:23:45.413 [info] > git for-each-ref --format=%(refname)%00%(upstream:short)%00%(objectname)%00%(upstream:track)%00%(upstream:remotename)%00%(upstream:remoteref) refs/heads/testing refs/remotes/testing [4ms]
2024-05-11 05:23:45.422 [info] > git status -z -uall [5ms]
2024-05-11 05:23:45.634 [info] > git show --textconv :home/programs/ssh.nix [6ms]
2024-05-11 05:23:45.637 [info] > git ls-files --stage -- /home/blackwhite/Downloads/nixos_rice/home/programs/ssh.nix [4ms]
2024-05-11 05:23:45.646 [info] > git cat-file -s 74ac010828094eeb62c88f43ff39b23dc4170c47 [4ms]
2024-05-11 05:23:50.434 [info] > git config --get commit.template [6ms]
2024-05-11 05:23:50.436 [info] > git for-each-ref --format=%(refname)%00%(upstream:short)%00%(objectname)%00%(upstream:track)%00%(upstream:remotename)%00%(upstream:remoteref) refs/heads/testing refs/remotes/testing [2ms]
2024-05-11 05:23:50.443 [info] > git status -z -uall [4ms]
2024-05-11 05:23:55.458 [info] > git config --get commit.template [6ms]
2024-05-11 05:23:55.460 [info] > git for-each-ref --format=%(refname)%00%(upstream:short)%00%(objectname)%00%(upstream:track)%00%(upstream:remotename)%00%(upstream:remoteref) refs/heads/testing refs/remotes/testing [2ms]
2024-05-11 05:23:55.469 [info] > git status -z -uall [5ms]
2024-05-11 05:24:00.482 [info] > git config --get commit.template [3ms]
2024-05-11 05:24:00.484 [info] > git for-each-ref --format=%(refname)%00%(upstream:short)%00%(objectname)%00%(upstream:track)%00%(upstream:remotename)%00%(upstream:remoteref) refs/heads/testing refs/remotes/testing [2ms]
2024-05-11 05:24:00.490 [info] > git status -z -uall [4ms]
2024-05-11 05:24:27.512 [info] > git config --get commit.template [6ms]
2024-05-11 05:24:27.552 [info] > git for-each-ref --format=%(refname)%00%(upstream:short)%00%(objectname)%00%(upstream:track)%00%(upstream:remotename)%00%(upstream:remoteref) refs/heads/testing refs/remotes/testing [3ms]
2024-05-11 05:24:27.569 [info] > git status -z -uall [6ms]
2024-05-11 05:24:27.664 [info] > git show --textconv :home/shell/fish/default.nix [5ms]
2024-05-11 05:24:27.667 [info] > git ls-files --stage -- /home/blackwhite/Downloads/nixos_rice/home/shell/fish/default.nix [3ms]
2024-05-11 05:24:27.675 [info] > git cat-file -s 09a1483d8b7ad1e339441805366b3902608bc4d1 [3ms]
2024-05-11 05:24:32.577 [info] > git config --get commit.template [4ms]
2024-05-11 05:24:32.594 [info] > git for-each-ref --format=%(refname)%00%(upstream:short)%00%(objectname)%00%(upstream:track)%00%(upstream:remotename)%00%(upstream:remoteref) refs/heads/testing refs/remotes/testing [1ms]
2024-05-11 05:24:32.604 [info] > git status -z -uall [5ms]
2024-05-11 05:24:42.080 [info] > git config --get commit.template [6ms]
2024-05-11 05:24:42.081 [info] > git for-each-ref --format=%(refname)%00%(upstream:short)%00%(objectname)%00%(upstream:track)%00%(upstream:remotename)%00%(upstream:remoteref) refs/heads/testing refs/remotes/testing [3ms]
2024-05-11 05:24:42.094 [info] > git status -z -uall [8ms]
2024-05-11 05:24:48.504 [info] > git config --get commit.template [1ms]
2024-05-11 05:24:48.510 [info] > git for-each-ref --format=%(refname)%00%(upstream:short)%00%(objectname)%00%(upstream:track)%00%(upstream:remotename)%00%(upstream:remoteref) refs/heads/testing refs/remotes/testing [2ms]
2024-05-11 05:24:48.518 [info] > git status -z -uall [5ms]
2024-05-11 05:24:53.529 [info] > git config --get commit.template [5ms]
2024-05-11 05:24:53.531 [info] > git for-each-ref --format=%(refname)%00%(upstream:short)%00%(objectname)%00%(upstream:track)%00%(upstream:remotename)%00%(upstream:remoteref) refs/heads/testing refs/remotes/testing [2ms]
2024-05-11 05:24:53.538 [info] > git status -z -uall [4ms]
2024-05-11 05:25:00.386 [info] > git config --get commit.template [5ms]
2024-05-11 05:25:00.389 [info] > git for-each-ref --format=%(refname)%00%(upstream:short)%00%(objectname)%00%(upstream:track)%00%(upstream:remotename)%00%(upstream:remoteref) refs/heads/testing refs/remotes/testing [4ms]
2024-05-11 05:25:00.397 [info] > git status -z -uall [5ms]
2024-05-11 05:25:03.915 [info] > git show --textconv :home/shell/fish/fish_ssh_agent.fish [6ms]
2024-05-11 05:25:03.918 [info] > git ls-files --stage -- /home/blackwhite/Downloads/nixos_rice/home/shell/fish/fish_ssh_agent.fish [3ms]
2024-05-11 05:25:03.931 [info] > git cat-file -s 0bb6bc65112930b455c56bdccd3e7eea24af52fe [3ms]
2024-05-11 05:25:04.376 [info] > git show --textconv :home/shell/fish/default.nix [6ms]
2024-05-11 05:25:04.382 [info] > git ls-files --stage -- /home/blackwhite/Downloads/nixos_rice/home/shell/fish/default.nix [7ms]
2024-05-11 05:25:04.387 [info] > git cat-file -s 09a1483d8b7ad1e339441805366b3902608bc4d1 [2ms]
2024-05-11 05:25:05.545 [info] > git config --get commit.template [9ms]
2024-05-11 05:25:05.547 [info] > git for-each-ref --format=%(refname)%00%(upstream:short)%00%(objectname)%00%(upstream:track)%00%(upstream:remotename)%00%(upstream:remoteref) refs/heads/testing refs/remotes/testing [3ms]
2024-05-11 05:25:05.561 [info] > git status -z -uall [10ms]
2024-05-11 05:25:10.580 [info] > git config --get commit.template [4ms]
2024-05-11 05:25:10.581 [info] > git for-each-ref --format=%(refname)%00%(upstream:short)%00%(objectname)%00%(upstream:track)%00%(upstream:remotename)%00%(upstream:remoteref) refs/heads/testing refs/remotes/testing [2ms]
2024-05-11 05:25:10.594 [info] > git status -z -uall [5ms]
2024-05-11 05:25:15.608 [info] > git config --get commit.template [4ms]
2024-05-11 05:25:15.609 [info] > git for-each-ref --format=%(refname)%00%(upstream:short)%00%(objectname)%00%(upstream:track)%00%(upstream:remotename)%00%(upstream:remoteref) refs/heads/testing refs/remotes/testing [2ms]
2024-05-11 05:25:15.617 [info] > git status -z -uall [5ms]
2024-05-11 05:25:16.830 [info] > git show --textconv :home/shell/fish/fish.nix [3ms]
2024-05-11 05:25:16.832 [info] > git ls-files --stage -- /home/blackwhite/Downloads/nixos_rice/home/shell/fish/fish.nix [2ms]
2024-05-11 05:25:20.478 [info] > git show --textconv :home/shell/fish.nix [5ms]
2024-05-11 05:25:20.479 [info] > git ls-files --stage -- /home/blackwhite/Downloads/nixos_rice/home/shell/fish.nix [1ms]
2024-05-11 05:25:20.637 [info] > git config --get commit.template [4ms]
2024-05-11 05:25:20.639 [info] > git for-each-ref --format=%(refname)%00%(upstream:short)%00%(objectname)%00%(upstream:track)%00%(upstream:remotename)%00%(upstream:remoteref) refs/heads/testing refs/remotes/testing [2ms]
2024-05-11 05:25:20.646 [info] > git status -z -uall [5ms]
2024-05-11 05:25:26.141 [info] > git config --get commit.template [2ms]
2024-05-11 05:25:26.152 [info] > git for-each-ref --format=%(refname)%00%(upstream:short)%00%(objectname)%00%(upstream:track)%00%(upstream:remotename)%00%(upstream:remoteref) refs/heads/testing refs/remotes/testing [2ms]
2024-05-11 05:25:26.162 [info] > git status -z -uall [1ms]
2024-05-11 05:25:28.476 [info] > git show --textconv :home/shell/common.nix [6ms]
2024-05-11 05:25:28.478 [info] > git ls-files --stage -- /home/blackwhite/Downloads/nixos_rice/home/shell/common.nix [2ms]
2024-05-11 05:25:28.486 [info] > git cat-file -s 2d8d01ffa824f8d8cf45d6f16b0178a3fbd5e7a1 [3ms]
2024-05-11 05:25:29.460 [info] > git show --textconv :home/shell/default.nix [7ms]
2024-05-11 05:25:29.462 [info] > git ls-files --stage -- /home/blackwhite/Downloads/nixos_rice/home/shell/default.nix [3ms]
2024-05-11 05:25:29.468 [info] > git cat-file -s bcb501c46e76509a00df6f82ed5d1f1ab309f909 [3ms]
2024-05-11 05:25:31.169 [info] > git config --get commit.template [5ms]
2024-05-11 05:25:31.177 [info] > git for-each-ref --format=%(refname)%00%(upstream:short)%00%(objectname)%00%(upstream:track)%00%(upstream:remotename)%00%(upstream:remoteref) refs/heads/testing refs/remotes/testing [8ms]
2024-05-11 05:25:31.189 [info] > git status -z -uall [8ms]
2024-05-11 05:25:33.830 [info] > git show --textconv :home/shell/fish.nix [6ms]
2024-05-11 05:25:33.833 [info] > git ls-files --stage -- /home/blackwhite/Downloads/nixos_rice/home/shell/fish.nix [3ms]
2024-05-11 05:25:36.220 [info] > git config --get commit.template [6ms]
2024-05-11 05:25:36.221 [info] > git for-each-ref --format=%(refname)%00%(upstream:short)%00%(objectname)%00%(upstream:track)%00%(upstream:remotename)%00%(upstream:remoteref) refs/heads/testing refs/remotes/testing [1ms]
2024-05-11 05:25:36.231 [info] > git status -z -uall [6ms]
