2024-05-11 05:06:25.519 [info] Added views:workbench.panel.markers.view in workbench.panel.markers
2024-05-11 05:06:25.519 [info] Added views:workbench.panel.output in workbench.panel.output
2024-05-11 05:06:25.519 [info] Added views:terminal in terminal
2024-05-11 05:06:25.519 [info] Added views:outline in workbench.view.explorer
2024-05-11 05:06:25.519 [info] Added views:workbench.scm in workbench.view.scm
2024-05-11 05:06:25.519 [info] Added views:workbench.view.search in workbench.view.search
2024-05-11 05:06:25.519 [info] Added views:timeline in workbench.view.explorer
2024-05-11 05:06:25.519 [info] Added views:workbench.explorer.emptyView in workbench.view.explorer
2024-05-11 05:06:25.778 [info] Added views:workbench.debug.variablesView,workbench.debug.watchExpressionsView,workbench.debug.callStackView,workbench.debug.breakPointsView in workbench.view.debug
2024-05-11 05:06:26.864 [info] Added views:~remote.forwardedPorts in ~remote.forwardedPortsContainer
2024-05-11 05:06:27.094 [info] Added views:workbench.panel.repl.view in workbench.panel.repl
2024-05-11 05:06:27.094 [info] Removed views:workbench.debug.breakPointsView,workbench.debug.callStackView,workbench.debug.watchExpressionsView,workbench.debug.variablesView from workbench.view.debug
2024-05-11 05:06:27.094 [info] Added views:workbench.debug.welcome in workbench.view.debug
2024-05-11 05:07:51.429 [info] Added views:workbench.panel.markers.view in workbench.panel.markers
2024-05-11 05:07:51.429 [info] Added views:workbench.panel.output in workbench.panel.output
2024-05-11 05:07:51.429 [info] Added views:terminal in terminal
2024-05-11 05:07:51.429 [info] Added views:outline in workbench.view.explorer
2024-05-11 05:07:51.429 [info] Added views:workbench.scm in workbench.view.scm
2024-05-11 05:07:51.429 [info] Added views:workbench.view.search in workbench.view.search
2024-05-11 05:07:51.429 [info] Added views:timeline in workbench.view.explorer
2024-05-11 05:07:51.429 [info] Added views:workbench.explorer.fileView in workbench.view.explorer
2024-05-11 05:07:51.991 [info] Added views:workbench.debug.variablesView,workbench.debug.watchExpressionsView,workbench.debug.callStackView,workbench.debug.breakPointsView in workbench.view.debug
2024-05-11 05:07:52.264 [info] Added views:workbench.panel.repl.view in workbench.panel.repl
2024-05-11 05:07:52.264 [info] Removed views:workbench.debug.breakPointsView,workbench.debug.callStackView,workbench.debug.watchExpressionsView,workbench.debug.variablesView from workbench.view.debug
2024-05-11 05:07:52.268 [info] Added views:workbench.debug.welcome in workbench.view.debug
2024-05-11 05:07:52.524 [info] Added views:~remote.forwardedPorts in ~remote.forwardedPortsContainer
